{"C:\\Users\\adnen\\OneDrive\\Desktop\\npm_package\\use-storage\\src\\CryptoService.js": {"path":"C:\\Users\\adnen\\OneDrive\\Desktop\\npm_package\\use-storage\\src\\CryptoService.js","all":false,"statementMap":{"0":{"start":{"line":1,"column":0},"end":{"line":1,"column":114}},"1":{"start":{"line":2,"column":0},"end":{"line":2,"column":76}},"2":{"start":{"line":3,"column":0},"end":{"line":3,"column":97}},"3":{"start":{"line":4,"column":0},"end":{"line":4,"column":182}},"4":{"start":{"line":5,"column":0},"end":{"line":5,"column":110}},"5":{"start":{"line":6,"column":0},"end":{"line":6,"column":2}},"6":{"start":{"line":7,"column":0},"end":{"line":7,"column":107}},"7":{"start":{"line":8,"column":0},"end":{"line":8,"column":97}},"8":{"start":{"line":9,"column":0},"end":{"line":9,"column":183}},"9":{"start":{"line":10,"column":0},"end":{"line":10,"column":98}},"10":{"start":{"line":11,"column":0},"end":{"line":11,"column":2}},"11":{"start":{"line":12,"column":0},"end":{"line":12,"column":28}},"12":{"start":{"line":13,"column":0},"end":{"line":13,"column":33}},"13":{"start":{"line":14,"column":0},"end":{"line":14,"column":21}},"14":{"start":{"line":15,"column":0},"end":{"line":15,"column":27}},"15":{"start":{"line":16,"column":0},"end":{"line":16,"column":50}},"16":{"start":{"line":17,"column":0},"end":{"line":17,"column":77}},"17":{"start":{"line":18,"column":0},"end":{"line":18,"column":5}},"18":{"start":{"line":19,"column":0},"end":{"line":19,"column":7}},"19":{"start":{"line":20,"column":0},"end":{"line":20,"column":19}},"20":{"start":{"line":21,"column":0},"end":{"line":21,"column":29}},"21":{"start":{"line":22,"column":0},"end":{"line":22,"column":32}},"22":{"start":{"line":23,"column":0},"end":{"line":23,"column":7}},"23":{"start":{"line":24,"column":0},"end":{"line":24,"column":19}},"24":{"start":{"line":25,"column":0},"end":{"line":25,"column":129}},"25":{"start":{"line":26,"column":0},"end":{"line":26,"column":5}},"26":{"start":{"line":27,"column":0},"end":{"line":27,"column":7}},"27":{"start":{"line":28,"column":0},"end":{"line":28,"column":18}},"28":{"start":{"line":29,"column":0},"end":{"line":29,"column":38}},"29":{"start":{"line":30,"column":0},"end":{"line":30,"column":31}},"30":{"start":{"line":31,"column":0},"end":{"line":31,"column":6}},"31":{"start":{"line":32,"column":0},"end":{"line":32,"column":19}},"32":{"start":{"line":33,"column":0},"end":{"line":33,"column":109}},"33":{"start":{"line":34,"column":0},"end":{"line":34,"column":76}},"34":{"start":{"line":35,"column":0},"end":{"line":35,"column":29}},"35":{"start":{"line":36,"column":0},"end":{"line":36,"column":5}},"36":{"start":{"line":37,"column":0},"end":{"line":37,"column":1}},"37":{"start":{"line":38,"column":0},"end":{"line":38,"column":40}},"38":{"start":{"line":39,"column":0},"end":{"line":39,"column":29}}},"s":{"0":1,"1":1,"2":1,"3":1,"4":1,"5":1,"6":1,"7":6,"8":6,"9":6,"10":6,"11":1,"12":1,"13":1,"14":1,"15":1,"16":1,"17":1,"18":1,"19":1,"20":1,"21":1,"22":1,"23":1,"24":4,"25":4,"26":1,"27":1,"28":1,"29":1,"30":1,"31":1,"32":2,"33":2,"34":2,"35":2,"36":1,"37":1,"38":1},"branchMap":{"0":{"type":"branch","line":1,"loc":{"start":{"line":1,"column":30},"end":{"line":1,"column":65}},"locations":[{"start":{"line":1,"column":30},"end":{"line":1,"column":65}}]},"1":{"type":"branch","line":7,"loc":{"start":{"line":7,"column":30},"end":{"line":7,"column":65}},"locations":[{"start":{"line":7,"column":30},"end":{"line":7,"column":65}}]},"2":{"type":"branch","line":1,"loc":{"start":{"line":1,"column":70},"end":{"line":6,"column":2}},"locations":[{"start":{"line":1,"column":70},"end":{"line":6,"column":2}}]},"3":{"type":"branch","line":2,"loc":{"start":{"line":2,"column":22},"end":{"line":2,"column":76}},"locations":[{"start":{"line":2,"column":22},"end":{"line":2,"column":76}}]},"4":{"type":"branch","line":3,"loc":{"start":{"line":3,"column":20},"end":{"line":3,"column":26}},"locations":[{"start":{"line":3,"column":20},"end":{"line":3,"column":26}}]},"5":{"type":"branch","line":3,"loc":{"start":{"line":3,"column":28},"end":{"line":3,"column":97}},"locations":[{"start":{"line":3,"column":28},"end":{"line":3,"column":97}}]},"6":{"type":"branch","line":4,"loc":{"start":{"line":4,"column":35},"end":{"line":4,"column":62}},"locations":[{"start":{"line":4,"column":35},"end":{"line":4,"column":62}}]},"7":{"type":"branch","line":4,"loc":{"start":{"line":4,"column":87},"end":{"line":4,"column":182}},"locations":[{"start":{"line":4,"column":87},"end":{"line":4,"column":182}}]},"8":{"type":"branch","line":5,"loc":{"start":{"line":5,"column":24},"end":{"line":5,"column":50}},"locations":[{"start":{"line":5,"column":24},"end":{"line":5,"column":50}}]},"9":{"type":"branch","line":5,"loc":{"start":{"line":5,"column":54},"end":{"line":5,"column":72}},"locations":[{"start":{"line":5,"column":54},"end":{"line":5,"column":72}}]},"10":{"type":"branch","line":7,"loc":{"start":{"line":7,"column":70},"end":{"line":11,"column":2}},"locations":[{"start":{"line":7,"column":70},"end":{"line":11,"column":2}}]},"11":{"type":"branch","line":8,"loc":{"start":{"line":8,"column":20},"end":{"line":8,"column":26}},"locations":[{"start":{"line":8,"column":20},"end":{"line":8,"column":26}}]},"12":{"type":"branch","line":8,"loc":{"start":{"line":8,"column":28},"end":{"line":8,"column":97}},"locations":[{"start":{"line":8,"column":28},"end":{"line":8,"column":97}}]},"13":{"type":"branch","line":9,"loc":{"start":{"line":9,"column":35},"end":{"line":9,"column":62}},"locations":[{"start":{"line":9,"column":35},"end":{"line":9,"column":62}}]},"14":{"type":"branch","line":9,"loc":{"start":{"line":9,"column":87},"end":{"line":9,"column":183}},"locations":[{"start":{"line":9,"column":87},"end":{"line":9,"column":183}}]},"15":{"type":"branch","line":10,"loc":{"start":{"line":10,"column":23},"end":{"line":10,"column":27}},"locations":[{"start":{"line":10,"column":23},"end":{"line":10,"column":27}}]},"16":{"type":"branch","line":10,"loc":{"start":{"line":10,"column":42},"end":{"line":10,"column":61}},"locations":[{"start":{"line":10,"column":42},"end":{"line":10,"column":61}}]},"17":{"type":"branch","line":10,"loc":{"start":{"line":10,"column":65},"end":{"line":10,"column":75}},"locations":[{"start":{"line":10,"column":65},"end":{"line":10,"column":75}}]},"18":{"type":"branch","line":14,"loc":{"start":{"line":14,"column":19},"end":{"line":36,"column":5}},"locations":[{"start":{"line":14,"column":19},"end":{"line":36,"column":5}}]},"19":{"type":"branch","line":15,"loc":{"start":{"line":15,"column":4},"end":{"line":18,"column":5}},"locations":[{"start":{"line":15,"column":4},"end":{"line":18,"column":5}}]},"20":{"type":"branch","line":24,"loc":{"start":{"line":24,"column":4},"end":{"line":26,"column":5}},"locations":[{"start":{"line":24,"column":4},"end":{"line":26,"column":5}}]},"21":{"type":"branch","line":32,"loc":{"start":{"line":32,"column":4},"end":{"line":36,"column":5}},"locations":[{"start":{"line":32,"column":4},"end":{"line":36,"column":5}}]}},"b":{"0":[0],"1":[0],"2":[1],"3":[0],"4":[0],"5":[0],"6":[0],"7":[0],"8":[0],"9":[0],"10":[6],"11":[0],"12":[0],"13":[0],"14":[0],"15":[0],"16":[0],"17":[0],"18":[1],"19":[1],"20":[4],"21":[2]},"fnMap":{"0":{"name":"Object.<anonymous>.__classPrivateFieldSet","decl":{"start":{"line":1,"column":70},"end":{"line":6,"column":2}},"loc":{"start":{"line":1,"column":70},"end":{"line":6,"column":2}},"line":1},"1":{"name":"Object.<anonymous>.__classPrivateFieldGet","decl":{"start":{"line":7,"column":70},"end":{"line":11,"column":2}},"loc":{"start":{"line":7,"column":70},"end":{"line":11,"column":2}},"line":7},"2":{"name":"CryptoService","decl":{"start":{"line":15,"column":4},"end":{"line":18,"column":5}},"loc":{"start":{"line":15,"column":4},"end":{"line":18,"column":5}},"line":15},"3":{"name":"encrypt","decl":{"start":{"line":24,"column":4},"end":{"line":26,"column":5}},"loc":{"start":{"line":24,"column":4},"end":{"line":26,"column":5}},"line":24},"4":{"name":"decrypt","decl":{"start":{"line":32,"column":4},"end":{"line":36,"column":5}},"loc":{"start":{"line":32,"column":4},"end":{"line":36,"column":5}},"line":32}},"f":{"0":1,"1":6,"2":1,"3":4,"4":2}}
,"C:\\Users\\adnen\\OneDrive\\Desktop\\npm_package\\use-storage\\src\\NodeStorage.js": {"path":"C:\\Users\\adnen\\OneDrive\\Desktop\\npm_package\\use-storage\\src\\NodeStorage.js","all":false,"statementMap":{"0":{"start":{"line":1,"column":0},"end":{"line":1,"column":19}},"1":{"start":{"line":2,"column":0},"end":{"line":2,"column":19}},"2":{"start":{"line":3,"column":0},"end":{"line":3,"column":26}},"3":{"start":{"line":4,"column":0},"end":{"line":4,"column":5}},"4":{"start":{"line":5,"column":0},"end":{"line":5,"column":25}},"5":{"start":{"line":6,"column":0},"end":{"line":6,"column":34}},"6":{"start":{"line":7,"column":0},"end":{"line":7,"column":5}},"7":{"start":{"line":8,"column":0},"end":{"line":8,"column":18}},"8":{"start":{"line":9,"column":0},"end":{"line":9,"column":33}},"9":{"start":{"line":10,"column":0},"end":{"line":10,"column":5}},"10":{"start":{"line":11,"column":0},"end":{"line":11,"column":21}},"11":{"start":{"line":12,"column":0},"end":{"line":12,"column":33}},"12":{"start":{"line":13,"column":0},"end":{"line":13,"column":28}},"13":{"start":{"line":14,"column":0},"end":{"line":14,"column":5}},"14":{"start":{"line":15,"column":0},"end":{"line":15,"column":13}},"15":{"start":{"line":16,"column":0},"end":{"line":16,"column":26}},"16":{"start":{"line":17,"column":0},"end":{"line":17,"column":5}},"17":{"start":{"line":18,"column":0},"end":{"line":18,"column":1}},"18":{"start":{"line":19,"column":0},"end":{"line":19,"column":27}}},"s":{"0":1,"1":1,"2":1,"3":1,"4":1,"5":4,"6":4,"7":1,"8":7,"9":7,"10":1,"11":1,"12":1,"13":1,"14":1,"15":1,"16":1,"17":1,"18":1},"branchMap":{"0":{"type":"branch","line":1,"loc":{"start":{"line":1,"column":17},"end":{"line":17,"column":5}},"locations":[{"start":{"line":1,"column":17},"end":{"line":17,"column":5}}]},"1":{"type":"branch","line":2,"loc":{"start":{"line":2,"column":4},"end":{"line":4,"column":5}},"locations":[{"start":{"line":2,"column":4},"end":{"line":4,"column":5}}]},"2":{"type":"branch","line":5,"loc":{"start":{"line":5,"column":4},"end":{"line":7,"column":5}},"locations":[{"start":{"line":5,"column":4},"end":{"line":7,"column":5}}]},"3":{"type":"branch","line":8,"loc":{"start":{"line":8,"column":4},"end":{"line":10,"column":5}},"locations":[{"start":{"line":8,"column":4},"end":{"line":10,"column":5}}]},"4":{"type":"branch","line":11,"loc":{"start":{"line":11,"column":4},"end":{"line":14,"column":5}},"locations":[{"start":{"line":11,"column":4},"end":{"line":14,"column":5}}]},"5":{"type":"branch","line":15,"loc":{"start":{"line":15,"column":4},"end":{"line":17,"column":5}},"locations":[{"start":{"line":15,"column":4},"end":{"line":17,"column":5}}]}},"b":{"0":[1],"1":[1],"2":[4],"3":[7],"4":[1],"5":[1]},"fnMap":{"0":{"name":"NodeStorage","decl":{"start":{"line":2,"column":4},"end":{"line":4,"column":5}},"loc":{"start":{"line":2,"column":4},"end":{"line":4,"column":5}},"line":2},"1":{"name":"setItem","decl":{"start":{"line":5,"column":4},"end":{"line":7,"column":5}},"loc":{"start":{"line":5,"column":4},"end":{"line":7,"column":5}},"line":5},"2":{"name":"getItem","decl":{"start":{"line":8,"column":4},"end":{"line":10,"column":5}},"loc":{"start":{"line":8,"column":4},"end":{"line":10,"column":5}},"line":8},"3":{"name":"removeItem","decl":{"start":{"line":11,"column":4},"end":{"line":14,"column":5}},"loc":{"start":{"line":11,"column":4},"end":{"line":14,"column":5}},"line":11},"4":{"name":"clear","decl":{"start":{"line":15,"column":4},"end":{"line":17,"column":5}},"loc":{"start":{"line":15,"column":4},"end":{"line":17,"column":5}},"line":15}},"f":{"0":1,"1":4,"2":7,"3":1,"4":1}}
,"C:\\Users\\adnen\\OneDrive\\Desktop\\npm_package\\use-storage\\src\\StorageService.js": {"path":"C:\\Users\\adnen\\OneDrive\\Desktop\\npm_package\\use-storage\\src\\StorageService.js","all":false,"statementMap":{"0":{"start":{"line":1,"column":0},"end":{"line":1,"column":114}},"1":{"start":{"line":2,"column":0},"end":{"line":2,"column":76}},"2":{"start":{"line":3,"column":0},"end":{"line":3,"column":97}},"3":{"start":{"line":4,"column":0},"end":{"line":4,"column":182}},"4":{"start":{"line":5,"column":0},"end":{"line":5,"column":110}},"5":{"start":{"line":6,"column":0},"end":{"line":6,"column":2}},"6":{"start":{"line":7,"column":0},"end":{"line":7,"column":107}},"7":{"start":{"line":8,"column":0},"end":{"line":8,"column":97}},"8":{"start":{"line":9,"column":0},"end":{"line":9,"column":183}},"9":{"start":{"line":10,"column":0},"end":{"line":10,"column":98}},"10":{"start":{"line":11,"column":0},"end":{"line":11,"column":2}},"11":{"start":{"line":12,"column":0},"end":{"line":12,"column":24}},"12":{"start":{"line":13,"column":0},"end":{"line":13,"column":47}},"13":{"start":{"line":14,"column":0},"end":{"line":14,"column":43}},"14":{"start":{"line":15,"column":0},"end":{"line":15,"column":22}},"15":{"start":{"line":16,"column":0},"end":{"line":16,"column":29}},"16":{"start":{"line":17,"column":0},"end":{"line":17,"column":46}},"17":{"start":{"line":18,"column":0},"end":{"line":18,"column":94}},"18":{"start":{"line":19,"column":0},"end":{"line":19,"column":16}},"19":{"start":{"line":20,"column":0},"end":{"line":20,"column":83}},"20":{"start":{"line":21,"column":0},"end":{"line":21,"column":5}},"21":{"start":{"line":22,"column":0},"end":{"line":22,"column":7}},"22":{"start":{"line":23,"column":0},"end":{"line":23,"column":25}},"23":{"start":{"line":24,"column":0},"end":{"line":24,"column":23}},"24":{"start":{"line":25,"column":0},"end":{"line":25,"column":25}},"25":{"start":{"line":26,"column":0},"end":{"line":26,"column":25}},"26":{"start":{"line":27,"column":0},"end":{"line":27,"column":7}},"27":{"start":{"line":28,"column":0},"end":{"line":28,"column":24}},"28":{"start":{"line":29,"column":0},"end":{"line":29,"column":91}},"29":{"start":{"line":30,"column":0},"end":{"line":30,"column":51}},"30":{"start":{"line":31,"column":0},"end":{"line":31,"column":5}},"31":{"start":{"line":32,"column":0},"end":{"line":32,"column":7}},"32":{"start":{"line":33,"column":0},"end":{"line":33,"column":15}},"33":{"start":{"line":34,"column":0},"end":{"line":34,"column":23}},"34":{"start":{"line":35,"column":0},"end":{"line":35,"column":30}},"35":{"start":{"line":36,"column":0},"end":{"line":36,"column":7}},"36":{"start":{"line":37,"column":0},"end":{"line":37,"column":18}},"37":{"start":{"line":38,"column":0},"end":{"line":38,"column":41}},"38":{"start":{"line":39,"column":0},"end":{"line":39,"column":19}},"39":{"start":{"line":40,"column":0},"end":{"line":40,"column":42}},"40":{"start":{"line":41,"column":0},"end":{"line":41,"column":88}},"41":{"start":{"line":42,"column":0},"end":{"line":42,"column":9}},"42":{"start":{"line":43,"column":0},"end":{"line":43,"column":20}},"43":{"start":{"line":44,"column":0},"end":{"line":44,"column":5}},"44":{"start":{"line":45,"column":0},"end":{"line":45,"column":7}},"45":{"start":{"line":46,"column":0},"end":{"line":46,"column":18}},"46":{"start":{"line":47,"column":0},"end":{"line":47,"column":23}},"47":{"start":{"line":48,"column":0},"end":{"line":48,"column":25}},"48":{"start":{"line":49,"column":0},"end":{"line":49,"column":7}},"49":{"start":{"line":50,"column":0},"end":{"line":50,"column":21}},"50":{"start":{"line":51,"column":0},"end":{"line":51,"column":31}},"51":{"start":{"line":52,"column":0},"end":{"line":52,"column":5}},"52":{"start":{"line":53,"column":0},"end":{"line":53,"column":13}},"53":{"start":{"line":54,"column":0},"end":{"line":54,"column":23}},"54":{"start":{"line":55,"column":0},"end":{"line":55,"column":5}},"55":{"start":{"line":56,"column":0},"end":{"line":56,"column":1}},"56":{"start":{"line":57,"column":0},"end":{"line":57,"column":36}},"57":{"start":{"line":58,"column":0},"end":{"line":58,"column":30}}},"s":{"0":1,"1":1,"2":1,"3":1,"4":1,"5":1,"6":1,"7":6,"8":6,"9":6,"10":6,"11":1,"12":1,"13":1,"14":1,"15":1,"16":1,"17":1,"18":1,"19":1,"20":1,"21":1,"22":1,"23":1,"24":1,"25":1,"26":1,"27":1,"28":4,"29":4,"30":4,"31":1,"32":1,"33":1,"34":1,"35":1,"36":1,"37":7,"38":7,"39":2,"40":2,"41":2,"42":5,"43":5,"44":1,"45":1,"46":1,"47":1,"48":1,"49":1,"50":1,"51":1,"52":1,"53":1,"54":1,"55":1,"56":1,"57":1},"branchMap":{"0":{"type":"branch","line":1,"loc":{"start":{"line":1,"column":30},"end":{"line":1,"column":65}},"locations":[{"start":{"line":1,"column":30},"end":{"line":1,"column":65}}]},"1":{"type":"branch","line":7,"loc":{"start":{"line":7,"column":30},"end":{"line":7,"column":65}},"locations":[{"start":{"line":7,"column":30},"end":{"line":7,"column":65}}]},"2":{"type":"branch","line":1,"loc":{"start":{"line":1,"column":70},"end":{"line":6,"column":2}},"locations":[{"start":{"line":1,"column":70},"end":{"line":6,"column":2}}]},"3":{"type":"branch","line":2,"loc":{"start":{"line":2,"column":22},"end":{"line":2,"column":76}},"locations":[{"start":{"line":2,"column":22},"end":{"line":2,"column":76}}]},"4":{"type":"branch","line":3,"loc":{"start":{"line":3,"column":20},"end":{"line":3,"column":26}},"locations":[{"start":{"line":3,"column":20},"end":{"line":3,"column":26}}]},"5":{"type":"branch","line":3,"loc":{"start":{"line":3,"column":28},"end":{"line":3,"column":97}},"locations":[{"start":{"line":3,"column":28},"end":{"line":3,"column":97}}]},"6":{"type":"branch","line":4,"loc":{"start":{"line":4,"column":35},"end":{"line":4,"column":62}},"locations":[{"start":{"line":4,"column":35},"end":{"line":4,"column":62}}]},"7":{"type":"branch","line":4,"loc":{"start":{"line":4,"column":87},"end":{"line":4,"column":182}},"locations":[{"start":{"line":4,"column":87},"end":{"line":4,"column":182}}]},"8":{"type":"branch","line":5,"loc":{"start":{"line":5,"column":24},"end":{"line":5,"column":50}},"locations":[{"start":{"line":5,"column":24},"end":{"line":5,"column":50}}]},"9":{"type":"branch","line":5,"loc":{"start":{"line":5,"column":54},"end":{"line":5,"column":72}},"locations":[{"start":{"line":5,"column":54},"end":{"line":5,"column":72}}]},"10":{"type":"branch","line":7,"loc":{"start":{"line":7,"column":70},"end":{"line":11,"column":2}},"locations":[{"start":{"line":7,"column":70},"end":{"line":11,"column":2}}]},"11":{"type":"branch","line":8,"loc":{"start":{"line":8,"column":20},"end":{"line":8,"column":26}},"locations":[{"start":{"line":8,"column":20},"end":{"line":8,"column":26}}]},"12":{"type":"branch","line":8,"loc":{"start":{"line":8,"column":28},"end":{"line":8,"column":97}},"locations":[{"start":{"line":8,"column":28},"end":{"line":8,"column":97}}]},"13":{"type":"branch","line":9,"loc":{"start":{"line":9,"column":35},"end":{"line":9,"column":62}},"locations":[{"start":{"line":9,"column":35},"end":{"line":9,"column":62}}]},"14":{"type":"branch","line":9,"loc":{"start":{"line":9,"column":87},"end":{"line":9,"column":183}},"locations":[{"start":{"line":9,"column":87},"end":{"line":9,"column":183}}]},"15":{"type":"branch","line":10,"loc":{"start":{"line":10,"column":23},"end":{"line":10,"column":27}},"locations":[{"start":{"line":10,"column":23},"end":{"line":10,"column":27}}]},"16":{"type":"branch","line":10,"loc":{"start":{"line":10,"column":42},"end":{"line":10,"column":61}},"locations":[{"start":{"line":10,"column":42},"end":{"line":10,"column":61}}]},"17":{"type":"branch","line":10,"loc":{"start":{"line":10,"column":65},"end":{"line":10,"column":75}},"locations":[{"start":{"line":10,"column":65},"end":{"line":10,"column":75}}]},"18":{"type":"branch","line":15,"loc":{"start":{"line":15,"column":20},"end":{"line":55,"column":5}},"locations":[{"start":{"line":15,"column":20},"end":{"line":55,"column":5}}]},"19":{"type":"branch","line":16,"loc":{"start":{"line":16,"column":4},"end":{"line":21,"column":5}},"locations":[{"start":{"line":16,"column":4},"end":{"line":21,"column":5}}]},"20":{"type":"branch","line":20,"loc":{"start":{"line":20,"column":40},"end":{"line":20,"column":62}},"locations":[{"start":{"line":20,"column":40},"end":{"line":20,"column":62}}]},"21":{"type":"branch","line":28,"loc":{"start":{"line":28,"column":4},"end":{"line":31,"column":5}},"locations":[{"start":{"line":28,"column":4},"end":{"line":31,"column":5}}]},"22":{"type":"branch","line":37,"loc":{"start":{"line":37,"column":4},"end":{"line":44,"column":5}},"locations":[{"start":{"line":37,"column":4},"end":{"line":44,"column":5}}]},"23":{"type":"branch","line":39,"loc":{"start":{"line":39,"column":18},"end":{"line":42,"column":9}},"locations":[{"start":{"line":39,"column":18},"end":{"line":42,"column":9}}]},"24":{"type":"branch","line":42,"loc":{"start":{"line":42,"column":8},"end":{"line":44,"column":5}},"locations":[{"start":{"line":42,"column":8},"end":{"line":44,"column":5}}]},"25":{"type":"branch","line":50,"loc":{"start":{"line":50,"column":4},"end":{"line":52,"column":5}},"locations":[{"start":{"line":50,"column":4},"end":{"line":52,"column":5}}]},"26":{"type":"branch","line":53,"loc":{"start":{"line":53,"column":4},"end":{"line":55,"column":5}},"locations":[{"start":{"line":53,"column":4},"end":{"line":55,"column":5}}]}},"b":{"0":[0],"1":[0],"2":[1],"3":[0],"4":[0],"5":[0],"6":[0],"7":[0],"8":[0],"9":[0],"10":[6],"11":[0],"12":[0],"13":[0],"14":[0],"15":[0],"16":[0],"17":[0],"18":[1],"19":[1],"20":[0],"21":[4],"22":[7],"23":[2],"24":[5],"25":[1],"26":[1]},"fnMap":{"0":{"name":"Object.<anonymous>.__classPrivateFieldSet","decl":{"start":{"line":1,"column":70},"end":{"line":6,"column":2}},"loc":{"start":{"line":1,"column":70},"end":{"line":6,"column":2}},"line":1},"1":{"name":"Object.<anonymous>.__classPrivateFieldGet","decl":{"start":{"line":7,"column":70},"end":{"line":11,"column":2}},"loc":{"start":{"line":7,"column":70},"end":{"line":11,"column":2}},"line":7},"2":{"name":"StorageService","decl":{"start":{"line":16,"column":4},"end":{"line":21,"column":5}},"loc":{"start":{"line":16,"column":4},"end":{"line":21,"column":5}},"line":16},"3":{"name":"setItem","decl":{"start":{"line":28,"column":4},"end":{"line":31,"column":5}},"loc":{"start":{"line":28,"column":4},"end":{"line":31,"column":5}},"line":28},"4":{"name":"getItem","decl":{"start":{"line":37,"column":4},"end":{"line":44,"column":5}},"loc":{"start":{"line":37,"column":4},"end":{"line":44,"column":5}},"line":37},"5":{"name":"removeItem","decl":{"start":{"line":50,"column":4},"end":{"line":52,"column":5}},"loc":{"start":{"line":50,"column":4},"end":{"line":52,"column":5}},"line":50},"6":{"name":"clear","decl":{"start":{"line":53,"column":4},"end":{"line":55,"column":5}},"loc":{"start":{"line":53,"column":4},"end":{"line":55,"column":5}},"line":53}},"f":{"0":1,"1":6,"2":1,"3":4,"4":7,"5":1,"6":1}}
,"C:\\Users\\adnen\\OneDrive\\Desktop\\npm_package\\use-storage\\src\\index.js": {"path":"C:\\Users\\adnen\\OneDrive\\Desktop\\npm_package\\use-storage\\src\\index.js","all":false,"statementMap":{"0":{"start":{"line":1,"column":0},"end":{"line":1,"column":49}},"1":{"start":{"line":2,"column":0},"end":{"line":2,"column":35}},"2":{"start":{"line":3,"column":0},"end":{"line":3,"column":41}},"3":{"start":{"line":4,"column":0},"end":{"line":4,"column":2}},"4":{"start":{"line":5,"column":0},"end":{"line":5,"column":26}}},"s":{"0":1,"1":1,"2":1,"3":1,"4":1},"branchMap":{"0":{"type":"branch","line":2,"loc":{"start":{"line":2,"column":19},"end":{"line":4,"column":2}},"locations":[{"start":{"line":2,"column":19},"end":{"line":4,"column":2}}]}},"b":{"0":[1]},"fnMap":{"0":{"name":"useStorage","decl":{"start":{"line":2,"column":19},"end":{"line":4,"column":2}},"loc":{"start":{"line":2,"column":19},"end":{"line":4,"column":2}},"line":2}},"f":{"0":1}}
}
