TN:
SF:src\CryptoService.js
FN:1,Object.<anonymous>.__classPrivateFieldSet
FN:7,Object.<anonymous>.__classPrivateFieldGet
FN:15,CryptoService
FN:24,encrypt
FN:32,decrypt
FNF:5
FNH:5
FNDA:1,Object.<anonymous>.__classPrivateFieldSet
FNDA:6,Object.<anonymous>.__classPrivateFieldGet
FNDA:1,CryptoService
FNDA:4,encrypt
FNDA:2,decrypt
DA:1,1
DA:2,1
DA:3,1
DA:4,1
DA:5,1
DA:6,1
DA:7,1
DA:8,6
DA:9,6
DA:10,6
DA:11,6
DA:12,1
DA:13,1
DA:14,1
DA:15,1
DA:16,1
DA:17,1
DA:18,1
DA:19,1
DA:20,1
DA:21,1
DA:22,1
DA:23,1
DA:24,1
DA:25,4
DA:26,4
DA:27,1
DA:28,1
DA:29,1
DA:30,1
DA:31,1
DA:32,1
DA:33,2
DA:34,2
DA:35,2
DA:36,2
DA:37,1
DA:38,1
DA:39,1
LF:39
LH:39
BRDA:1,0,0,0
BRDA:7,1,0,0
BRDA:1,2,0,1
BRDA:2,3,0,0
BRDA:3,4,0,0
BRDA:3,5,0,0
BRDA:4,6,0,0
BRDA:4,7,0,0
BRDA:5,8,0,0
BRDA:5,9,0,0
BRDA:7,10,0,6
BRDA:8,11,0,0
BRDA:8,12,0,0
BRDA:9,13,0,0
BRDA:9,14,0,0
BRDA:10,15,0,0
BRDA:10,16,0,0
BRDA:10,17,0,0
BRDA:14,18,0,1
BRDA:15,19,0,1
BRDA:24,20,0,4
BRDA:32,21,0,2
BRF:22
BRH:6
end_of_record
TN:
SF:src\NodeStorage.js
FN:2,NodeStorage
FN:5,setItem
FN:8,getItem
FN:11,removeItem
FN:15,clear
FNF:5
FNH:5
FNDA:1,NodeStorage
FNDA:4,setItem
FNDA:7,getItem
FNDA:1,removeItem
FNDA:1,clear
DA:1,1
DA:2,1
DA:3,1
DA:4,1
DA:5,1
DA:6,4
DA:7,4
DA:8,1
DA:9,7
DA:10,7
DA:11,1
DA:12,1
DA:13,1
DA:14,1
DA:15,1
DA:16,1
DA:17,1
DA:18,1
DA:19,1
LF:19
LH:19
BRDA:1,0,0,1
BRDA:2,1,0,1
BRDA:5,2,0,4
BRDA:8,3,0,7
BRDA:11,4,0,1
BRDA:15,5,0,1
BRF:6
BRH:6
end_of_record
TN:
SF:src\StorageService.js
FN:1,Object.<anonymous>.__classPrivateFieldSet
FN:7,Object.<anonymous>.__classPrivateFieldGet
FN:16,StorageService
FN:28,setItem
FN:37,getItem
FN:50,removeItem
FN:53,clear
FNF:7
FNH:7
FNDA:1,Object.<anonymous>.__classPrivateFieldSet
FNDA:6,Object.<anonymous>.__classPrivateFieldGet
FNDA:1,StorageService
FNDA:4,setItem
FNDA:7,getItem
FNDA:1,removeItem
FNDA:1,clear
DA:1,1
DA:2,1
DA:3,1
DA:4,1
DA:5,1
DA:6,1
DA:7,1
DA:8,6
DA:9,6
DA:10,6
DA:11,6
DA:12,1
DA:13,1
DA:14,1
DA:15,1
DA:16,1
DA:17,1
DA:18,1
DA:19,1
DA:20,1
DA:21,1
DA:22,1
DA:23,1
DA:24,1
DA:25,1
DA:26,1
DA:27,1
DA:28,1
DA:29,4
DA:30,4
DA:31,4
DA:32,1
DA:33,1
DA:34,1
DA:35,1
DA:36,1
DA:37,1
DA:38,7
DA:39,7
DA:40,2
DA:41,2
DA:42,2
DA:43,5
DA:44,5
DA:45,1
DA:46,1
DA:47,1
DA:48,1
DA:49,1
DA:50,1
DA:51,1
DA:52,1
DA:53,1
DA:54,1
DA:55,1
DA:56,1
DA:57,1
DA:58,1
LF:58
LH:58
BRDA:1,0,0,0
BRDA:7,1,0,0
BRDA:1,2,0,1
BRDA:2,3,0,0
BRDA:3,4,0,0
BRDA:3,5,0,0
BRDA:4,6,0,0
BRDA:4,7,0,0
BRDA:5,8,0,0
BRDA:5,9,0,0
BRDA:7,10,0,6
BRDA:8,11,0,0
BRDA:8,12,0,0
BRDA:9,13,0,0
BRDA:9,14,0,0
BRDA:10,15,0,0
BRDA:10,16,0,0
BRDA:10,17,0,0
BRDA:15,18,0,1
BRDA:16,19,0,1
BRDA:20,20,0,0
BRDA:28,21,0,4
BRDA:37,22,0,7
BRDA:39,23,0,2
BRDA:42,24,0,5
BRDA:50,25,0,1
BRDA:53,26,0,1
BRF:27
BRH:10
end_of_record
TN:
SF:src\index.js
FN:2,useStorage
FNF:1
FNH:1
FNDA:1,useStorage
DA:1,1
DA:2,1
DA:3,1
DA:4,1
DA:5,1
LF:5
LH:5
BRDA:2,0,0,1
BRF:1
BRH:1
end_of_record
